<?xml version="1.0" encoding="UTF-8"?>
<robot generator="Robot 6.1.1 (Python 3.11.3 on win32)" generated="20230919 22:26:18.351" rpa="false" schemaversion="4">
<suite id="s1" name="Robot2" source="D:\17_SeleniumProjekty\SeleniumTest\ScriptedQA\ScriptedQA\Robot\robot2.robot">
<test id="s1-t1" name="Registraion Of Multiple User" line="39">
<kw name="Open My Browser" type="SETUP">
<kw name="Open Browser" library="SeleniumLibrary">
<arg>https://gotujmy.pl/forum/</arg>
<arg>Chrome</arg>
<doc>Opens a new browser instance to the optional ``url``.</doc>
<msg timestamp="20230919 22:26:18.552" level="INFO">Opening browser 'Chrome' to base url 'https://gotujmy.pl/forum/'.</msg>
<status status="PASS" starttime="20230919 22:26:18.551" endtime="20230919 22:26:21.795"/>
</kw>
<kw name="Maximize Browser Window" library="SeleniumLibrary">
<doc>Maximizes current browser window.</doc>
<status status="PASS" starttime="20230919 22:26:21.795" endtime="20230919 22:26:21.910"/>
</kw>
<kw name="Sleep" library="BuiltIn">
<arg>3</arg>
<doc>Pauses the test executed for the given time.</doc>
<msg timestamp="20230919 22:26:24.911" level="INFO">Slept 3 seconds</msg>
<status status="PASS" starttime="20230919 22:26:21.911" endtime="20230919 22:26:24.911"/>
</kw>
<kw name="Scroll Element Into View" library="SeleniumLibrary">
<arg>//*[@id="tcf277-permissions-modal"]/div[3]/div/button[2]</arg>
<doc>Scrolls the element identified by ``locator`` into view.</doc>
<msg timestamp="20230919 22:26:25.131" level="INFO" html="true">&lt;/td&gt;&lt;/tr&gt;&lt;tr&gt;&lt;td colspan="3"&gt;&lt;a href="selenium-screenshot-3.png"&gt;&lt;img src="selenium-screenshot-3.png" width="800px"&gt;&lt;/a&gt;</msg>
<msg timestamp="20230919 22:26:25.132" level="FAIL">Element with locator '//*[@id="tcf277-permissions-modal"]/div[3]/div/button[2]' not found.</msg>
<status status="FAIL" starttime="20230919 22:26:24.911" endtime="20230919 22:26:25.141"/>
</kw>
<kw name="Run Keyword And Ignore Error" library="BuiltIn">
<arg>click button</arg>
<arg>//*[@id="tcf277-permissions-modal"]/div[3]/div/button[2]</arg>
<doc>Runs the given keyword with the given arguments and ignores possible error.</doc>
<status status="NOT RUN" starttime="20230919 22:26:25.141" endtime="20230919 22:26:25.141"/>
</kw>
<status status="FAIL" starttime="20230919 22:26:18.551" endtime="20230919 22:26:25.141"/>
</kw>
<status status="FAIL" starttime="20230919 22:26:18.550" endtime="20230919 22:26:25.141">Setup failed:
Element with locator '//*[@id="tcf277-permissions-modal"]/div[3]/div/button[2]' not found.</status>
</test>
<test id="s1-t2" name="Unsuccessful Regiustratoin Different Names" line="45">
<kw name="Open My Browser" type="SETUP">
<kw name="Open Browser" library="SeleniumLibrary">
<arg>https://gotujmy.pl/forum/</arg>
<arg>Chrome</arg>
<doc>Opens a new browser instance to the optional ``url``.</doc>
<msg timestamp="20230919 22:26:25.144" level="INFO">Opening browser 'Chrome' to base url 'https://gotujmy.pl/forum/'.</msg>
<status status="PASS" starttime="20230919 22:26:25.144" endtime="20230919 22:26:28.281"/>
</kw>
<kw name="Maximize Browser Window" library="SeleniumLibrary">
<doc>Maximizes current browser window.</doc>
<status status="PASS" starttime="20230919 22:26:28.281" endtime="20230919 22:26:28.402"/>
</kw>
<kw name="Sleep" library="BuiltIn">
<arg>3</arg>
<doc>Pauses the test executed for the given time.</doc>
<msg timestamp="20230919 22:26:31.403" level="INFO">Slept 3 seconds</msg>
<status status="PASS" starttime="20230919 22:26:28.402" endtime="20230919 22:26:31.403"/>
</kw>
<kw name="Scroll Element Into View" library="SeleniumLibrary">
<arg>//*[@id="tcf277-permissions-modal"]/div[3]/div/button[2]</arg>
<doc>Scrolls the element identified by ``locator`` into view.</doc>
<msg timestamp="20230919 22:26:31.595" level="INFO" html="true">&lt;/td&gt;&lt;/tr&gt;&lt;tr&gt;&lt;td colspan="3"&gt;&lt;a href="selenium-screenshot-4.png"&gt;&lt;img src="selenium-screenshot-4.png" width="800px"&gt;&lt;/a&gt;</msg>
<msg timestamp="20230919 22:26:31.595" level="FAIL">Element with locator '//*[@id="tcf277-permissions-modal"]/div[3]/div/button[2]' not found.</msg>
<status status="FAIL" starttime="20230919 22:26:31.403" endtime="20230919 22:26:31.596"/>
</kw>
<kw name="Run Keyword And Ignore Error" library="BuiltIn">
<arg>click button</arg>
<arg>//*[@id="tcf277-permissions-modal"]/div[3]/div/button[2]</arg>
<doc>Runs the given keyword with the given arguments and ignores possible error.</doc>
<status status="NOT RUN" starttime="20230919 22:26:31.596" endtime="20230919 22:26:31.596"/>
</kw>
<status status="FAIL" starttime="20230919 22:26:25.142" endtime="20230919 22:26:31.596"/>
</kw>
<status status="FAIL" starttime="20230919 22:26:25.142" endtime="20230919 22:26:31.596">Setup failed:
Element with locator '//*[@id="tcf277-permissions-modal"]/div[3]/div/button[2]' not found.</status>
</test>
<status status="FAIL" starttime="20230919 22:26:18.354" endtime="20230919 22:26:31.597"/>
</suite>
<statistics>
<total>
<stat pass="0" fail="2" skip="0">All Tests</stat>
</total>
<tag>
</tag>
<suite>
<stat pass="0" fail="2" skip="0" id="s1" name="Robot2">Robot2</stat>
</suite>
</statistics>
<errors>
</errors>
</robot>
